!SESSION 2022-01-12 08:18:25.420 -----------------------------------------------
eclipse.buildId=4.22.0.I20211124-1800
java.version=17.0.1
java.vendor=Eclipse Adoptium
BootLoader constants: OS=win32, ARCH=x86_64, WS=win32, NL=pt_BR
Framework arguments:  -product org.eclipse.epp.package.jee.product
Command-line arguments:  -os win32 -ws win32 -arch x86_64 -product org.eclipse.epp.package.jee.product

This is a continuation of log file C:\Users\thais\eclipse-workspace\.metadata\.bak_0.log
Created Time: 2022-01-13 13:17:43.845

!ENTRY org.eclipse.ui.ide 4 4 2022-01-13 13:17:43.845
!MESSAGE Not properly disposed SWT resource
!STACK 0
java.lang.Error: SWT Resource was not properly disposed
	at org.eclipse.swt.graphics.Resource.initNonDisposeTracking(Resource.java:172)
	at org.eclipse.swt.graphics.Resource.<init>(Resource.java:120)
	at org.eclipse.swt.graphics.Image.<init>(Image.java:605)
	at org.eclipse.wb.internal.core.model.description.helpers.DescriptionHelper.getIconImage(DescriptionHelper.java:166)
	at org.eclipse.wb.internal.core.model.description.helpers.ComponentPresentationHelper.getComponentImage(ComponentPresentationHelper.java:166)
	at org.eclipse.wb.internal.core.model.description.helpers.ComponentPresentationHelper.getFastPresentation(ComponentPresentationHelper.java:139)
	at org.eclipse.wb.internal.core.model.description.helpers.ComponentPresentationHelper.getPresentation(ComponentPresentationHelper.java:114)
	at org.eclipse.wb.core.editor.palette.model.entry.ComponentEntryInfo.preparePresentation(ComponentEntryInfo.java:259)
	at org.eclipse.wb.core.editor.palette.model.entry.ComponentEntryInfo.initialize(ComponentEntryInfo.java:219)
	at org.eclipse.wb.internal.core.editor.palette.DesignerPalette.getVisualEntry(DesignerPalette.java:253)
	at org.eclipse.wb.internal.core.editor.palette.DesignerPalette$4.getEntries(DesignerPalette.java:321)
	at org.eclipse.wb.core.controls.palette.PaletteComposite$CategoryFigure.<init>(PaletteComposite.java:373)
	at org.eclipse.wb.core.controls.palette.PaletteComposite$PaletteFigure.refresh(PaletteComposite.java:289)
	at org.eclipse.wb.core.controls.palette.PaletteComposite.refreshPalette(PaletteComposite.java:205)
	at org.eclipse.wb.core.controls.palette.PaletteComposite.setPalette(PaletteComposite.java:198)
	at org.eclipse.wb.internal.core.editor.palette.DesignerPalette.showPalette(DesignerPalette.java:416)
	at org.eclipse.wb.internal.core.editor.palette.DesignerPalette.reloadPalette(DesignerPalette.java:172)
	at org.eclipse.wb.internal.core.editor.palette.DesignerPalette.setInput(DesignerPalette.java:138)
	at org.eclipse.wb.internal.core.editor.JavaDesignComposite.refresh(JavaDesignComposite.java:146)
	at org.eclipse.wb.internal.core.editor.DesignPage.internal_refreshGEF(DesignPage.java:585)
	at org.eclipse.wb.internal.core.editor.DesignPage$8$1.run(DesignPage.java:449)
	at org.eclipse.swt.widgets.Synchronizer.syncExec(Synchronizer.java:236)
	at org.eclipse.ui.internal.UISynchronizer.syncExec(UISynchronizer.java:133)
	at org.eclipse.swt.widgets.Display.syncExec(Display.java:4779)
	at org.eclipse.wb.internal.core.editor.DesignPage$8.run(DesignPage.java:446)
	at org.eclipse.jface.operation.ModalContext.runInCurrentThread(ModalContext.java:434)
	at org.eclipse.jface.operation.ModalContext.run(ModalContext.java:352)
	at org.eclipse.jface.dialogs.ProgressMonitorDialog.run(ProgressMonitorDialog.java:468)
	at org.eclipse.wb.internal.core.editor.DesignPage.internal_refreshGEF_withProgress(DesignPage.java:465)
	at org.eclipse.wb.internal.core.editor.DesignPage.internal_refreshGEF(DesignPage.java:415)
	at org.eclipse.wb.internal.core.editor.UndoManager.refreshDesignerEditor(UndoManager.java:381)
	at org.eclipse.wb.internal.core.editor.UndoManager.activate(UndoManager.java:90)
	at org.eclipse.wb.internal.core.editor.DesignPage.handleActiveState_True(DesignPage.java:263)
	at org.eclipse.wb.internal.core.editor.DesignPage.handleActiveState(DesignPage.java:241)
	at org.eclipse.wb.internal.core.editor.multi.DefaultMultiMode.showPage(DefaultMultiMode.java:125)
	at org.eclipse.wb.internal.core.editor.multi.DefaultMultiMode$1.widgetSelected(DefaultMultiMode.java:63)
	at org.eclipse.swt.widgets.TypedListener.handleEvent(TypedListener.java:252)
	at org.eclipse.swt.widgets.EventTable.sendEvent(EventTable.java:89)
	at org.eclipse.swt.widgets.Display.sendEvent(Display.java:4243)
	at org.eclipse.swt.widgets.Widget.sendEvent(Widget.java:1060)
	at org.eclipse.swt.widgets.Widget.sendEvent(Widget.java:1084)
	at org.eclipse.swt.widgets.Widget.sendEvent(Widget.java:1069)
	at org.eclipse.swt.widgets.Widget.notifyListeners(Widget.java:773)
	at org.eclipse.swt.custom.CTabFolder.setSelection(CTabFolder.java:3248)
	at org.eclipse.swt.custom.CTabFolder.onMouse(CTabFolder.java:1882)
	at org.eclipse.swt.custom.CTabFolder.lambda$0(CTabFolder.java:331)
	at org.eclipse.swt.widgets.EventTable.sendEvent(EventTable.java:89)
	at org.eclipse.swt.widgets.Display.sendEvent(Display.java:4243)
	at org.eclipse.swt.widgets.Widget.sendEvent(Widget.java:1060)
	at org.eclipse.swt.widgets.Display.runDeferredEvents(Display.java:4060)
	at org.eclipse.swt.widgets.Display.readAndDispatch(Display.java:3632)
	at org.eclipse.e4.ui.internal.workbench.swt.PartRenderingEngine$5.run(PartRenderingEngine.java:1154)
	at org.eclipse.core.databinding.observable.Realm.runWithDefault(Realm.java:338)
	at org.eclipse.e4.ui.internal.workbench.swt.PartRenderingEngine.run(PartRenderingEngine.java:1045)
	at org.eclipse.e4.ui.internal.workbench.E4Workbench.createAndRunUI(E4Workbench.java:155)
	at org.eclipse.ui.internal.Workbench.lambda$3(Workbench.java:644)
	at org.eclipse.core.databinding.observable.Realm.runWithDefault(Realm.java:338)
	at org.eclipse.ui.internal.Workbench.createAndRunWorkbench(Workbench.java:551)
	at org.eclipse.ui.PlatformUI.createAndRunWorkbench(PlatformUI.java:156)
	at org.eclipse.ui.internal.ide.application.IDEApplication.start(IDEApplication.java:152)
	at org.eclipse.equinox.internal.app.EclipseAppHandle.run(EclipseAppHandle.java:203)
	at org.eclipse.core.runtime.internal.adaptor.EclipseAppLauncher.runApplication(EclipseAppLauncher.java:136)
	at org.eclipse.core.runtime.internal.adaptor.EclipseAppLauncher.start(EclipseAppLauncher.java:104)
	at org.eclipse.core.runtime.adaptor.EclipseStarter.run(EclipseStarter.java:401)
	at org.eclipse.core.runtime.adaptor.EclipseStarter.run(EclipseStarter.java:255)
	at java.base/jdk.internal.reflect.NativeMethodAccessorImpl.invoke0(Native Method)
	at java.base/jdk.internal.reflect.NativeMethodAccessorImpl.invoke(NativeMethodAccessorImpl.java:77)
	at java.base/jdk.internal.reflect.DelegatingMethodAccessorImpl.invoke(DelegatingMethodAccessorImpl.java:43)
	at java.base/java.lang.reflect.Method.invoke(Method.java:568)
	at org.eclipse.equinox.launcher.Main.invokeFramework(Main.java:659)
	at org.eclipse.equinox.launcher.Main.basicRun(Main.java:596)
	at org.eclipse.equinox.launcher.Main.run(Main.java:1467)

!ENTRY org.eclipse.ui.ide 4 4 2022-01-13 13:52:42.868
!MESSAGE Not properly disposed SWT resource
!STACK 0
java.lang.Error: SWT Resource was not properly disposed
	at org.eclipse.swt.graphics.Resource.initNonDisposeTracking(Resource.java:172)
	at org.eclipse.swt.graphics.Resource.<init>(Resource.java:120)
	at org.eclipse.swt.graphics.Image.<init>(Image.java:683)
	at org.eclipse.jface.resource.URLImageDescriptor.createImage(URLImageDescriptor.java:275)
	at org.eclipse.jface.resource.DeferredImageDescriptor.createImage(DeferredImageDescriptor.java:80)
	at org.eclipse.jface.resource.ImageDescriptor.createResource(ImageDescriptor.java:230)
	at org.eclipse.jface.resource.DeviceResourceManager.allocate(DeviceResourceManager.java:55)
	at org.eclipse.jface.resource.AbstractResourceManager.create(AbstractResourceManager.java:88)
	at org.eclipse.jface.resource.LazyResourceManager.create(LazyResourceManager.java:97)
	at org.eclipse.jface.resource.LocalResourceManager.allocate(LocalResourceManager.java:72)
	at org.eclipse.jface.resource.AbstractResourceManager.create(AbstractResourceManager.java:88)
	at org.eclipse.jface.resource.ResourceManager.createImage(ResourceManager.java:175)
	at org.eclipse.ui.actions.OpenWithMenu.getImage(OpenWithMenu.java:136)
	at org.eclipse.ui.actions.OpenWithMenu.createMenuItem(OpenWithMenu.java:173)
	at org.eclipse.ui.actions.OpenWithMenu.fill(OpenWithMenu.java:270)
	at org.eclipse.jface.action.MenuManager.doItemFill(MenuManager.java:729)
	at org.eclipse.jface.action.MenuManager.update(MenuManager.java:806)
	at org.eclipse.jface.action.MenuManager.update(MenuManager.java:673)
	at org.eclipse.e4.ui.workbench.renderers.swt.MenuManagerRenderer.scheduleManagerUpdate(MenuManagerRenderer.java:1227)
	at org.eclipse.e4.ui.workbench.renderers.swt.MenuManagerRenderer.processContents(MenuManagerRenderer.java:655)
	at org.eclipse.e4.ui.workbench.renderers.swt.MenuManagerRenderer.subscribeTopicChildAdded(MenuManagerRenderer.java:325)
	at jdk.internal.reflect.GeneratedMethodAccessor23.invoke(Unknown Source)
	at java.base/jdk.internal.reflect.DelegatingMethodAccessorImpl.invoke(DelegatingMethodAccessorImpl.java:43)
	at java.base/java.lang.reflect.Method.invoke(Method.java:568)
	at org.eclipse.e4.core.internal.di.MethodRequestor.execute(MethodRequestor.java:58)
	at org.eclipse.swt.widgets.Synchronizer.syncExec(Synchronizer.java:236)
	at org.eclipse.ui.internal.UISynchronizer.syncExec(UISynchronizer.java:133)
	at org.eclipse.swt.widgets.Display.syncExec(Display.java:4779)
	at org.eclipse.e4.ui.workbench.swt.DisplayUISynchronize.syncExec(DisplayUISynchronize.java:34)
	at org.eclipse.e4.ui.internal.di.UIEventObjectSupplier$UIEventHandler.handleEvent(UIEventObjectSupplier.java:64)
	at org.eclipse.equinox.internal.event.EventHandlerWrapper.handleEvent(EventHandlerWrapper.java:205)
	at org.eclipse.equinox.internal.event.EventHandlerTracker.dispatchEvent(EventHandlerTracker.java:203)
	at org.eclipse.equinox.internal.event.EventHandlerTracker.dispatchEvent(EventHandlerTracker.java:1)
	at org.eclipse.osgi.framework.eventmgr.EventManager.dispatchEvent(EventManager.java:228)
	at org.eclipse.osgi.framework.eventmgr.ListenerQueue.dispatchEventSynchronous(ListenerQueue.java:151)
	at org.eclipse.equinox.internal.event.EventAdminImpl.dispatchEvent(EventAdminImpl.java:133)
	at org.eclipse.equinox.internal.event.EventAdminImpl.sendEvent(EventAdminImpl.java:75)
	at org.eclipse.equinox.internal.event.EventComponent.sendEvent(EventComponent.java:44)
	at org.eclipse.e4.ui.services.internal.events.EventBroker.send(EventBroker.java:55)
	at org.eclipse.e4.ui.internal.workbench.UIEventPublisher.notifyChanged(UIEventPublisher.java:63)
	at org.eclipse.emf.common.notify.impl.BasicNotifierImpl.eNotify(BasicNotifierImpl.java:424)
	at org.eclipse.emf.ecore.util.EcoreEList.dispatchNotification(EcoreEList.java:249)
	at org.eclipse.emf.common.notify.impl.NotifyingListImpl.addUnique(NotifyingListImpl.java:294)
	at org.eclipse.emf.common.util.AbstractEList.add(AbstractEList.java:304)
	at org.eclipse.e4.ui.workbench.renderers.swt.MenuManagerRenderer.reconcileManagerToModel(MenuManagerRenderer.java:1076)
	at org.eclipse.e4.ui.workbench.renderers.swt.MenuManagerRenderer.reconcileManagerToModel(MenuManagerRenderer.java:1014)
	at org.eclipse.ui.internal.PopupMenuExtender.addMenuContributions(PopupMenuExtender.java:379)
	at org.eclipse.ui.internal.PopupMenuExtender.menuAboutToShow(PopupMenuExtender.java:355)
	at org.eclipse.jface.action.MenuManager.fireAboutToShow(MenuManager.java:338)
	at org.eclipse.jface.action.MenuManager.handleAboutToShow(MenuManager.java:468)
	at org.eclipse.jface.action.MenuManager$2.menuShown(MenuManager.java:495)
	at org.eclipse.swt.widgets.TypedListener.handleEvent(TypedListener.java:259)
	at org.eclipse.swt.widgets.EventTable.sendEvent(EventTable.java:89)
	at org.eclipse.swt.widgets.Display.sendEvent(Display.java:4243)
	at org.eclipse.swt.widgets.Widget.sendEvent(Widget.java:1060)
	at org.eclipse.swt.widgets.Widget.sendEvent(Widget.java:1084)
	at org.eclipse.swt.widgets.Widget.sendEvent(Widget.java:1065)
	at org.eclipse.swt.widgets.Control.WM_INITMENUPOPUP(Control.java:5150)
	at org.eclipse.swt.widgets.Control.windowProc(Control.java:4782)
	at org.eclipse.swt.widgets.Canvas.windowProc(Canvas.java:340)
	at org.eclipse.swt.widgets.Decorations.windowProc(Decorations.java:1480)
	at org.eclipse.swt.widgets.Shell.windowProc(Shell.java:2286)
	at org.eclipse.swt.widgets.Display.windowProc(Display.java:5002)
	at org.eclipse.swt.internal.win32.OS.TrackPopupMenu(Native Method)
	at org.eclipse.swt.widgets.Menu._setVisible(Menu.java:237)
	at org.eclipse.swt.widgets.Display.runPopups(Display.java:4101)
	at org.eclipse.swt.widgets.Display.readAndDispatch(Display.java:3626)
	at org.eclipse.e4.ui.internal.workbench.swt.PartRenderingEngine$5.run(PartRenderingEngine.java:1154)
	at org.eclipse.core.databinding.observable.Realm.runWithDefault(Realm.java:338)
	at org.eclipse.e4.ui.internal.workbench.swt.PartRenderingEngine.run(PartRenderingEngine.java:1045)
	at org.eclipse.e4.ui.internal.workbench.E4Workbench.createAndRunUI(E4Workbench.java:155)
	at org.eclipse.ui.internal.Workbench.lambda$3(Workbench.java:644)
	at org.eclipse.core.databinding.observable.Realm.runWithDefault(Realm.java:338)
	at org.eclipse.ui.internal.Workbench.createAndRunWorkbench(Workbench.java:551)
	at org.eclipse.ui.PlatformUI.createAndRunWorkbench(PlatformUI.java:156)
	at org.eclipse.ui.internal.ide.application.IDEApplication.start(IDEApplication.java:152)
	at org.eclipse.equinox.internal.app.EclipseAppHandle.run(EclipseAppHandle.java:203)
	at org.eclipse.core.runtime.internal.adaptor.EclipseAppLauncher.runApplication(EclipseAppLauncher.java:136)
	at org.eclipse.core.runtime.internal.adaptor.EclipseAppLauncher.start(EclipseAppLauncher.java:104)
	at org.eclipse.core.runtime.adaptor.EclipseStarter.run(EclipseStarter.java:401)
	at org.eclipse.core.runtime.adaptor.EclipseStarter.run(EclipseStarter.java:255)
	at java.base/jdk.internal.reflect.NativeMethodAccessorImpl.invoke0(Native Method)
	at java.base/jdk.internal.reflect.NativeMethodAccessorImpl.invoke(NativeMethodAccessorImpl.java:77)
	at java.base/jdk.internal.reflect.DelegatingMethodAccessorImpl.invoke(DelegatingMethodAccessorImpl.java:43)
	at java.base/java.lang.reflect.Method.invoke(Method.java:568)
	at org.eclipse.equinox.launcher.Main.invokeFramework(Main.java:659)
	at org.eclipse.equinox.launcher.Main.basicRun(Main.java:596)
	at org.eclipse.equinox.launcher.Main.run(Main.java:1467)

!ENTRY org.eclipse.ui.ide 4 4 2022-01-13 13:52:42.872
!MESSAGE Not properly disposed SWT resource
!STACK 0
java.lang.Error: SWT Resource was not properly disposed
	at org.eclipse.swt.graphics.Resource.initNonDisposeTracking(Resource.java:172)
	at org.eclipse.swt.graphics.Resource.<init>(Resource.java:120)
	at org.eclipse.swt.graphics.Image.<init>(Image.java:683)
	at org.eclipse.jface.resource.URLImageDescriptor.createImage(URLImageDescriptor.java:275)
	at org.eclipse.jface.resource.ImageDescriptor.createResource(ImageDescriptor.java:230)
	at org.eclipse.jface.resource.DeviceResourceManager.allocate(DeviceResourceManager.java:55)
	at org.eclipse.jface.resource.AbstractResourceManager.create(AbstractResourceManager.java:88)
	at org.eclipse.jface.resource.LazyResourceManager.create(LazyResourceManager.java:103)
	at org.eclipse.jface.resource.LocalResourceManager.allocate(LocalResourceManager.java:72)
	at org.eclipse.jface.resource.AbstractResourceManager.create(AbstractResourceManager.java:88)
	at org.eclipse.jface.resource.ResourceManager.createImageWithDefault(ResourceManager.java:195)
	at org.eclipse.jface.action.ActionContributionItem.updateImages(ActionContributionItem.java:1019)
	at org.eclipse.jface.action.ActionContributionItem.updateToolItem(ActionContributionItem.java:776)
	at org.eclipse.jface.action.ActionContributionItem.update(ActionContributionItem.java:739)
	at org.eclipse.jface.action.ActionContributionItem.fill(ActionContributionItem.java:350)
	at org.eclipse.jface.action.ToolBarManager.update(ToolBarManager.java:358)
	at org.eclipse.compare.contentmergeviewer.ContentMergeViewer.initializeToolbars(ContentMergeViewer.java:953)
	at org.eclipse.compare.contentmergeviewer.ContentMergeViewer.buildControl(ContentMergeViewer.java:873)
	at org.eclipse.compare.contentmergeviewer.TextMergeViewer.<init>(TextMergeViewer.java:1626)
	at org.eclipse.jdt.internal.ui.compare.JavaMergeViewer.<init>(JavaMergeViewer.java:101)
	at org.eclipse.jdt.internal.ui.compare.JavaContentViewerCreator.createViewer(JavaContentViewerCreator.java:32)
	at org.eclipse.compare.internal.ViewerDescriptor.createViewer(ViewerDescriptor.java:66)
	at org.eclipse.compare.internal.CompareUIPlugin.getViewer(CompareUIPlugin.java:1104)
	at org.eclipse.compare.internal.CompareUIPlugin.findContentViewer(CompareUIPlugin.java:1099)
	at org.eclipse.compare.CompareUI.findContentViewer(CompareUI.java:338)
	at org.eclipse.ltk.internal.ui.refactoring.TextEditChangePreviewViewer$ComparePreviewer.getViewer(TextEditChangePreviewViewer.java:97)
	at org.eclipse.compare.CompareViewerSwitchingPane.setInput(CompareViewerSwitchingPane.java:257)
	at org.eclipse.ltk.internal.ui.refactoring.TextEditChangePreviewViewer.setInput(TextEditChangePreviewViewer.java:249)
	at org.eclipse.ltk.internal.ui.refactoring.TextEditChangePreviewViewer.setInput(TextEditChangePreviewViewer.java:215)
	at org.eclipse.ltk.internal.ui.refactoring.AbstractChangeNode.feedInput(AbstractChangeNode.java:108)
	at org.eclipse.ltk.internal.ui.refactoring.PreviewWizardPage.showPreview(PreviewWizardPage.java:618)
	at org.eclipse.ltk.internal.ui.refactoring.PreviewWizardPage.lambda$0(PreviewWizardPage.java:595)
	at org.eclipse.jface.viewers.Viewer$1.run(Viewer.java:151)
	at org.eclipse.core.runtime.SafeRunner.run(SafeRunner.java:45)
	at org.eclipse.jface.util.SafeRunnable.run(SafeRunnable.java:174)
	at org.eclipse.jface.viewers.Viewer.fireSelectionChanged(Viewer.java:148)
	at org.eclipse.jface.viewers.StructuredViewer.updateSelection(StructuredViewer.java:2130)
	at org.eclipse.jface.viewers.StructuredViewer.setSelection(StructuredViewer.java:1660)
	at org.eclipse.jface.viewers.TreeViewer.setSelection(TreeViewer.java:1090)
	at org.eclipse.jface.viewers.Viewer.setSelection(Viewer.java:376)
	at org.eclipse.ltk.internal.ui.refactoring.PreviewWizardPage.setVisible(PreviewWizardPage.java:526)
	at org.eclipse.ltk.internal.ui.refactoring.RefactoringWizardDialog2.makeVisible(RefactoringWizardDialog2.java:767)
	at org.eclipse.ltk.internal.ui.refactoring.RefactoringWizardDialog2.showCurrentPage(RefactoringWizardDialog2.java:474)
	at org.eclipse.ltk.internal.ui.refactoring.RefactoringWizardDialog2.nextOrPreviewPressed(RefactoringWizardDialog2.java:505)
	at org.eclipse.ltk.internal.ui.refactoring.RefactoringWizardDialog2$1.widgetSelected(RefactoringWizardDialog2.java:693)
	at org.eclipse.swt.widgets.TypedListener.handleEvent(TypedListener.java:252)
	at org.eclipse.swt.widgets.EventTable.sendEvent(EventTable.java:89)
	at org.eclipse.swt.widgets.Display.sendEvent(Display.java:4243)
	at org.eclipse.swt.widgets.Widget.sendEvent(Widget.java:1060)
	at org.eclipse.swt.widgets.Display.runDeferredEvents(Display.java:4060)
	at org.eclipse.swt.widgets.Display.readAndDispatch(Display.java:3632)
	at org.eclipse.jface.window.Window.runEventLoop(Window.java:823)
	at org.eclipse.jface.window.Window.open(Window.java:799)
	at org.eclipse.ltk.ui.refactoring.RefactoringWizardOpenOperation.lambda$0(RefactoringWizardOpenOperation.java:190)
	at org.eclipse.swt.custom.BusyIndicator.showWhile(BusyIndicator.java:74)
	at org.eclipse.ltk.ui.refactoring.RefactoringWizardOpenOperation.run(RefactoringWizardOpenOperation.java:209)
	at org.eclipse.ltk.ui.refactoring.RefactoringWizardOpenOperation.run(RefactoringWizardOpenOperation.java:126)
	at org.eclipse.jdt.internal.ui.refactoring.actions.RefactoringStarter.activate(RefactoringStarter.java:41)
	at org.eclipse.jdt.internal.ui.refactoring.reorg.ReorgMoveStarter.run(ReorgMoveStarter.java:83)
	at org.eclipse.jdt.internal.ui.packageview.SelectionTransferDropAdapter.handleDropMove(SelectionTransferDropAdapter.java:268)
	at org.eclipse.jdt.internal.ui.packageview.SelectionTransferDropAdapter.performDrop(SelectionTransferDropAdapter.java:205)
	at org.eclipse.jdt.internal.ui.dnd.JdtViewerDropAdapter.drop(JdtViewerDropAdapter.java:252)
	at org.eclipse.jface.util.DelegatingDropAdapter$3.run(DelegatingDropAdapter.java:227)
	at org.eclipse.core.runtime.SafeRunner.run(SafeRunner.java:45)
	at org.eclipse.jface.util.SafeRunnable.run(SafeRunnable.java:174)
	at org.eclipse.jface.util.DelegatingDropAdapter.drop(DelegatingDropAdapter.java:224)
	at org.eclipse.swt.dnd.DNDListener.handleEvent(DNDListener.java:94)
	at org.eclipse.swt.widgets.EventTable.sendEvent(EventTable.java:89)
	at org.eclipse.swt.widgets.Display.sendEvent(Display.java:4243)
	at org.eclipse.swt.widgets.Widget.sendEvent(Widget.java:1060)
	at org.eclipse.swt.widgets.Widget.sendEvent(Widget.java:1084)
	at org.eclipse.swt.widgets.Widget.sendEvent(Widget.java:1069)
	at org.eclipse.swt.widgets.Widget.notifyListeners(Widget.java:773)
	at org.eclipse.swt.dnd.DropTarget.Drop(DropTarget.java:467)
	at org.eclipse.swt.dnd.DropTarget.Drop_64(DropTarget.java:401)
	at org.eclipse.swt.dnd.DropTarget$1.method6(DropTarget.java:265)
	at org.eclipse.swt.internal.ole.win32.COMObject.callback6(COMObject.java:120)
	at org.eclipse.swt.internal.ole.win32.COM.DoDragDrop(Native Method)
	at org.eclipse.swt.dnd.DragSource.drag(DragSource.java:541)
	at org.eclipse.swt.dnd.DragSource.lambda$0(DragSource.java:380)
	at org.eclipse.swt.widgets.EventTable.sendEvent(EventTable.java:89)
	at org.eclipse.swt.widgets.Display.sendEvent(Display.java:4243)
	at org.eclipse.swt.widgets.Widget.sendEvent(Widget.java:1060)
	at org.eclipse.swt.widgets.Display.runDeferredEvents(Display.java:4060)
	at org.eclipse.swt.widgets.Display.readAndDispatch(Display.java:3632)
	at org.eclipse.e4.ui.internal.workbench.swt.PartRenderingEngine$5.run(PartRenderingEngine.java:1154)
	at org.eclipse.core.databinding.observable.Realm.runWithDefault(Realm.java:338)
	at org.eclipse.e4.ui.internal.workbench.swt.PartRenderingEngine.run(PartRenderingEngine.java:1045)
	at org.eclipse.e4.ui.internal.workbench.E4Workbench.createAndRunUI(E4Workbench.java:155)
	at org.eclipse.ui.internal.Workbench.lambda$3(Workbench.java:644)
	at org.eclipse.core.databinding.observable.Realm.runWithDefault(Realm.java:338)
	at org.eclipse.ui.internal.Workbench.createAndRunWorkbench(Workbench.java:551)
	at org.eclipse.ui.PlatformUI.createAndRunWorkbench(PlatformUI.java:156)
	at org.eclipse.ui.internal.ide.application.IDEApplication.start(IDEApplication.java:152)
	at org.eclipse.equinox.internal.app.EclipseAppHandle.run(EclipseAppHandle.java:203)
	at org.eclipse.core.runtime.internal.adaptor.EclipseAppLauncher.runApplication(EclipseAppLauncher.java:136)
	at org.eclipse.core.runtime.internal.adaptor.EclipseAppLauncher.start(EclipseAppLauncher.java:104)
	at org.eclipse.core.runtime.adaptor.EclipseStarter.run(EclipseStarter.java:401)
	at org.eclipse.core.runtime.adaptor.EclipseStarter.run(EclipseStarter.java:255)
	at java.base/jdk.internal.reflect.NativeMethodAccessorImpl.invoke0(Native Method)
	at java.base/jdk.internal.reflect.NativeMethodAccessorImpl.invoke(NativeMethodAccessorImpl.java:77)
	at java.base/jdk.internal.reflect.DelegatingMethodAccessorImpl.invoke(DelegatingMethodAccessorImpl.java:43)
	at java.base/java.lang.reflect.Method.invoke(Method.java:568)
	at org.eclipse.equinox.launcher.Main.invokeFramework(Main.java:659)
	at org.eclipse.equinox.launcher.Main.basicRun(Main.java:596)
	at org.eclipse.equinox.launcher.Main.run(Main.java:1467)

!ENTRY org.eclipse.ui.ide 4 4 2022-01-13 13:52:42.875
!MESSAGE Not properly disposed SWT resource
!STACK 0
java.lang.Error: SWT Resource was not properly disposed
	at org.eclipse.swt.graphics.Resource.initNonDisposeTracking(Resource.java:172)
	at org.eclipse.swt.graphics.Resource.<init>(Resource.java:120)
	at org.eclipse.swt.graphics.Image.<init>(Image.java:683)
	at org.eclipse.jface.resource.URLImageDescriptor.createImage(URLImageDescriptor.java:275)
	at org.eclipse.jface.resource.ImageDescriptor.createResource(ImageDescriptor.java:230)
	at org.eclipse.jface.resource.DeviceResourceManager.allocate(DeviceResourceManager.java:55)
	at org.eclipse.jface.resource.AbstractResourceManager.create(AbstractResourceManager.java:88)
	at org.eclipse.jface.resource.LazyResourceManager.create(LazyResourceManager.java:103)
	at org.eclipse.jface.resource.LocalResourceManager.allocate(LocalResourceManager.java:72)
	at org.eclipse.jface.resource.AbstractResourceManager.create(AbstractResourceManager.java:88)
	at org.eclipse.jface.resource.ResourceManager.createImageWithDefault(ResourceManager.java:195)
	at org.eclipse.jface.action.ActionContributionItem.updateImages(ActionContributionItem.java:1017)
	at org.eclipse.jface.action.ActionContributionItem.updateToolItem(ActionContributionItem.java:776)
	at org.eclipse.jface.action.ActionContributionItem.update(ActionContributionItem.java:739)
	at org.eclipse.jface.action.ActionContributionItem.fill(ActionContributionItem.java:350)
	at org.eclipse.jface.action.ToolBarManager.update(ToolBarManager.java:358)
	at org.eclipse.compare.contentmergeviewer.ContentMergeViewer.initializeToolbars(ContentMergeViewer.java:953)
	at org.eclipse.compare.contentmergeviewer.ContentMergeViewer.buildControl(ContentMergeViewer.java:873)
	at org.eclipse.compare.contentmergeviewer.TextMergeViewer.<init>(TextMergeViewer.java:1626)
	at org.eclipse.jdt.internal.ui.compare.JavaMergeViewer.<init>(JavaMergeViewer.java:101)
	at org.eclipse.jdt.internal.ui.compare.JavaContentViewerCreator.createViewer(JavaContentViewerCreator.java:32)
	at org.eclipse.compare.internal.ViewerDescriptor.createViewer(ViewerDescriptor.java:66)
	at org.eclipse.compare.internal.CompareUIPlugin.getViewer(CompareUIPlugin.java:1104)
	at org.eclipse.compare.internal.CompareUIPlugin.findContentViewer(CompareUIPlugin.java:1099)
	at org.eclipse.compare.CompareUI.findContentViewer(CompareUI.java:338)
	at org.eclipse.ltk.internal.ui.refactoring.TextEditChangePreviewViewer$ComparePreviewer.getViewer(TextEditChangePreviewViewer.java:97)
	at org.eclipse.compare.CompareViewerSwitchingPane.setInput(CompareViewerSwitchingPane.java:257)
	at org.eclipse.ltk.internal.ui.refactoring.TextEditChangePreviewViewer.setInput(TextEditChangePreviewViewer.java:249)
	at org.eclipse.ltk.internal.ui.refactoring.TextEditChangePreviewViewer.setInput(TextEditChangePreviewViewer.java:215)
	at org.eclipse.ltk.internal.ui.refactoring.AbstractChangeNode.feedInput(AbstractChangeNode.java:108)
	at org.eclipse.ltk.internal.ui.refactoring.PreviewWizardPage.showPreview(PreviewWizardPage.java:618)
	at org.eclipse.ltk.internal.ui.refactoring.PreviewWizardPage.lambda$0(PreviewWizardPage.java:595)
	at org.eclipse.jface.viewers.Viewer$1.run(Viewer.java:151)
	at org.eclipse.core.runtime.SafeRunner.run(SafeRunner.java:45)
	at org.eclipse.jface.util.SafeRunnable.run(SafeRunnable.java:174)
	at org.eclipse.jface.viewers.Viewer.fireSelectionChanged(Viewer.java:148)
	at org.eclipse.jface.viewers.StructuredViewer.updateSelection(StructuredViewer.java:2130)
	at org.eclipse.jface.viewers.StructuredViewer.setSelection(StructuredViewer.java:1660)
	at org.eclipse.jface.viewers.TreeViewer.setSelection(TreeViewer.java:1090)
	at org.eclipse.jface.viewers.Viewer.setSelection(Viewer.java:376)
	at org.eclipse.ltk.internal.ui.refactoring.PreviewWizardPage.setVisible(PreviewWizardPage.java:526)
	at org.eclipse.ltk.internal.ui.refactoring.RefactoringWizardDialog2.makeVisible(RefactoringWizardDialog2.java:767)
	at org.eclipse.ltk.internal.ui.refactoring.RefactoringWizardDialog2.showCurrentPage(RefactoringWizardDialog2.java:474)
	at org.eclipse.ltk.internal.ui.refactoring.RefactoringWizardDialog2.nextOrPreviewPressed(RefactoringWizardDialog2.java:505)
	at org.eclipse.ltk.internal.ui.refactoring.RefactoringWizardDialog2$1.widgetSelected(RefactoringWizardDialog2.java:693)
	at org.eclipse.swt.widgets.TypedListener.handleEvent(TypedListener.java:252)
	at org.eclipse.swt.widgets.EventTable.sendEvent(EventTable.java:89)
	at org.eclipse.swt.widgets.Display.sendEvent(Display.java:4243)
	at org.eclipse.swt.widgets.Widget.sendEvent(Widget.java:1060)
	at org.eclipse.swt.widgets.Display.runDeferredEvents(Display.java:4060)
	at org.eclipse.swt.widgets.Display.readAndDispatch(Display.java:3632)
	at org.eclipse.jface.window.Window.runEventLoop(Window.java:823)
	at org.eclipse.jface.window.Window.open(Window.java:799)
	at org.eclipse.ltk.ui.refactoring.RefactoringWizardOpenOperation.lambda$0(RefactoringWizardOpenOperation.java:190)
	at org.eclipse.swt.custom.BusyIndicator.showWhile(BusyIndicator.java:74)
	at org.eclipse.ltk.ui.refactoring.RefactoringWizardOpenOperation.run(RefactoringWizardOpenOperation.java:209)
	at org.eclipse.ltk.ui.refactoring.RefactoringWizardOpenOperation.run(RefactoringWizardOpenOperation.java:126)
	at org.eclipse.jdt.internal.ui.refactoring.actions.RefactoringStarter.activate(RefactoringStarter.java:41)
	at org.eclipse.jdt.internal.ui.refactoring.reorg.ReorgMoveStarter.run(ReorgMoveStarter.java:83)
	at org.eclipse.jdt.internal.ui.packageview.SelectionTransferDropAdapter.handleDropMove(SelectionTransferDropAdapter.java:268)
	at org.eclipse.jdt.internal.ui.packageview.SelectionTransferDropAdapter.performDrop(SelectionTransferDropAdapter.java:205)
	at org.eclipse.jdt.internal.ui.dnd.JdtViewerDropAdapter.drop(JdtViewerDropAdapter.java:252)
	at org.eclipse.jface.util.DelegatingDropAdapter$3.run(DelegatingDropAdapter.java:227)
	at org.eclipse.core.runtime.SafeRunner.run(SafeRunner.java:45)
	at org.eclipse.jface.util.SafeRunnable.run(SafeRunnable.java:174)
	at org.eclipse.jface.util.DelegatingDropAdapter.drop(DelegatingDropAdapter.java:224)
	at org.eclipse.swt.dnd.DNDListener.handleEvent(DNDListener.java:94)
	at org.eclipse.swt.widgets.EventTable.sendEvent(EventTable.java:89)
	at org.eclipse.swt.widgets.Display.sendEvent(Display.java:4243)
	at org.eclipse.swt.widgets.Widget.sendEvent(Widget.java:1060)
	at org.eclipse.swt.widgets.Widget.sendEvent(Widget.java:1084)
	at org.eclipse.swt.widgets.Widget.sendEvent(Widget.java:1069)
	at org.eclipse.swt.widgets.Widget.notifyListeners(Widget.java:773)
	at org.eclipse.swt.dnd.DropTarget.Drop(DropTarget.java:467)
	at org.eclipse.swt.dnd.DropTarget.Drop_64(DropTarget.java:401)
	at org.eclipse.swt.dnd.DropTarget$1.method6(DropTarget.java:265)
	at org.eclipse.swt.internal.ole.win32.COMObject.callback6(COMObject.java:120)
	at org.eclipse.swt.internal.ole.win32.COM.DoDragDrop(Native Method)
	at org.eclipse.swt.dnd.DragSource.drag(DragSource.java:541)
	at org.eclipse.swt.dnd.DragSource.lambda$0(DragSource.java:380)
	at org.eclipse.swt.widgets.EventTable.sendEvent(EventTable.java:89)
	at org.eclipse.swt.widgets.Display.sendEvent(Display.java:4243)
	at org.eclipse.swt.widgets.Widget.sendEvent(Widget.java:1060)
	at org.eclipse.swt.widgets.Display.runDeferredEvents(Display.java:4060)
	at org.eclipse.swt.widgets.Display.readAndDispatch(Display.java:3632)
	at org.eclipse.e4.ui.internal.workbench.swt.PartRenderingEngine$5.run(PartRenderingEngine.java:1154)
	at org.eclipse.core.databinding.observable.Realm.runWithDefault(Realm.java:338)
	at org.eclipse.e4.ui.internal.workbench.swt.PartRenderingEngine.run(PartRenderingEngine.java:1045)
	at org.eclipse.e4.ui.internal.workbench.E4Workbench.createAndRunUI(E4Workbench.java:155)
	at org.eclipse.ui.internal.Workbench.lambda$3(Workbench.java:644)
	at org.eclipse.core.databinding.observable.Realm.runWithDefault(Realm.java:338)
	at org.eclipse.ui.internal.Workbench.createAndRunWorkbench(Workbench.java:551)
	at org.eclipse.ui.PlatformUI.createAndRunWorkbench(PlatformUI.java:156)
	at org.eclipse.ui.internal.ide.application.IDEApplication.start(IDEApplication.java:152)
	at org.eclipse.equinox.internal.app.EclipseAppHandle.run(EclipseAppHandle.java:203)
	at org.eclipse.core.runtime.internal.adaptor.EclipseAppLauncher.runApplication(EclipseAppLauncher.java:136)
	at org.eclipse.core.runtime.internal.adaptor.EclipseAppLauncher.start(EclipseAppLauncher.java:104)
	at org.eclipse.core.runtime.adaptor.EclipseStarter.run(EclipseStarter.java:401)
	at org.eclipse.core.runtime.adaptor.EclipseStarter.run(EclipseStarter.java:255)
	at java.base/jdk.internal.reflect.NativeMethodAccessorImpl.invoke0(Native Method)
	at java.base/jdk.internal.reflect.NativeMethodAccessorImpl.invoke(NativeMethodAccessorImpl.java:77)
	at java.base/jdk.internal.reflect.DelegatingMethodAccessorImpl.invoke(DelegatingMethodAccessorImpl.java:43)
	at java.base/java.lang.reflect.Method.invoke(Method.java:568)
	at org.eclipse.equinox.launcher.Main.invokeFramework(Main.java:659)
	at org.eclipse.equinox.launcher.Main.basicRun(Main.java:596)
	at org.eclipse.equinox.launcher.Main.run(Main.java:1467)

!ENTRY org.eclipse.ui.ide 4 4 2022-01-13 13:52:42.877
!MESSAGE Not properly disposed SWT resource
!STACK 0
java.lang.Error: SWT Resource was not properly disposed
	at org.eclipse.swt.graphics.Resource.initNonDisposeTracking(Resource.java:172)
	at org.eclipse.swt.graphics.Resource.<init>(Resource.java:120)
	at org.eclipse.swt.graphics.Image.<init>(Image.java:683)
	at org.eclipse.jface.resource.URLImageDescriptor.createImage(URLImageDescriptor.java:275)
	at org.eclipse.jface.resource.ImageDescriptor.createResource(ImageDescriptor.java:230)
	at org.eclipse.jface.resource.DeviceResourceManager.allocate(DeviceResourceManager.java:55)
	at org.eclipse.jface.resource.AbstractResourceManager.create(AbstractResourceManager.java:88)
	at org.eclipse.jface.resource.LazyResourceManager.create(LazyResourceManager.java:103)
	at org.eclipse.jface.resource.LocalResourceManager.allocate(LocalResourceManager.java:72)
	at org.eclipse.jface.resource.AbstractResourceManager.create(AbstractResourceManager.java:88)
	at org.eclipse.jface.resource.ResourceManager.createImageWithDefault(ResourceManager.java:195)
	at org.eclipse.jface.action.ActionContributionItem.updateImages(ActionContributionItem.java:1047)
	at org.eclipse.jface.action.ActionContributionItem.updateMenuItem(ActionContributionItem.java:918)
	at org.eclipse.jface.action.ActionContributionItem.update(ActionContributionItem.java:742)
	at org.eclipse.jface.action.ActionContributionItem.fill(ActionContributionItem.java:292)
	at org.eclipse.jface.action.MenuManager.doItemFill(MenuManager.java:729)
	at org.eclipse.jface.action.MenuManager.update(MenuManager.java:806)
	at org.eclipse.jface.action.MenuManager.update(MenuManager.java:673)
	at org.eclipse.e4.ui.workbench.renderers.swt.MenuManagerRenderer.scheduleManagerUpdate(MenuManagerRenderer.java:1227)
	at org.eclipse.e4.ui.workbench.renderers.swt.MenuManagerRenderer.processContents(MenuManagerRenderer.java:655)
	at org.eclipse.e4.ui.workbench.renderers.swt.MenuManagerRenderer.subscribeTopicChildAdded(MenuManagerRenderer.java:325)
	at jdk.internal.reflect.GeneratedMethodAccessor23.invoke(Unknown Source)
	at java.base/jdk.internal.reflect.DelegatingMethodAccessorImpl.invoke(DelegatingMethodAccessorImpl.java:43)
	at java.base/java.lang.reflect.Method.invoke(Method.java:568)
	at org.eclipse.e4.core.internal.di.MethodRequestor.execute(MethodRequestor.java:58)
	at org.eclipse.swt.widgets.Synchronizer.syncExec(Synchronizer.java:236)
	at org.eclipse.ui.internal.UISynchronizer.syncExec(UISynchronizer.java:133)
	at org.eclipse.swt.widgets.Display.syncExec(Display.java:4779)
	at org.eclipse.e4.ui.workbench.swt.DisplayUISynchronize.syncExec(DisplayUISynchronize.java:34)
	at org.eclipse.e4.ui.internal.di.UIEventObjectSupplier$UIEventHandler.handleEvent(UIEventObjectSupplier.java:64)
	at org.eclipse.equinox.internal.event.EventHandlerWrapper.handleEvent(EventHandlerWrapper.java:205)
	at org.eclipse.equinox.internal.event.EventHandlerTracker.dispatchEvent(EventHandlerTracker.java:203)
	at org.eclipse.equinox.internal.event.EventHandlerTracker.dispatchEvent(EventHandlerTracker.java:1)
	at org.eclipse.osgi.framework.eventmgr.EventManager.dispatchEvent(EventManager.java:228)
	at org.eclipse.osgi.framework.eventmgr.ListenerQueue.dispatchEventSynchronous(ListenerQueue.java:151)
	at org.eclipse.equinox.internal.event.EventAdminImpl.dispatchEvent(EventAdminImpl.java:133)
	at org.eclipse.equinox.internal.event.EventAdminImpl.sendEvent(EventAdminImpl.java:75)
	at org.eclipse.equinox.internal.event.EventComponent.sendEvent(EventComponent.java:44)
	at org.eclipse.e4.ui.services.internal.events.EventBroker.send(EventBroker.java:55)
	at org.eclipse.e4.ui.internal.workbench.UIEventPublisher.notifyChanged(UIEventPublisher.java:63)
	at org.eclipse.emf.common.notify.impl.BasicNotifierImpl.eNotify(BasicNotifierImpl.java:424)
	at org.eclipse.emf.ecore.util.EcoreEList.dispatchNotification(EcoreEList.java:249)
	at org.eclipse.emf.common.notify.impl.NotifyingListImpl.addUnique(NotifyingListImpl.java:294)
	at org.eclipse.emf.common.util.AbstractEList.add(AbstractEList.java:304)
	at org.eclipse.e4.ui.workbench.renderers.swt.MenuManagerRenderer.reconcileManagerToModel(MenuManagerRenderer.java:1051)
	at org.eclipse.ui.internal.PopupMenuExtender.addMenuContributions(PopupMenuExtender.java:379)
	at org.eclipse.ui.internal.PopupMenuExtender.menuAboutToShow(PopupMenuExtender.java:355)
	at org.eclipse.jface.action.MenuManager.fireAboutToShow(MenuManager.java:338)
	at org.eclipse.jface.action.MenuManager.handleAboutToShow(MenuManager.java:468)
	at org.eclipse.jface.action.MenuManager$2.menuShown(MenuManager.java:495)
	at org.eclipse.swt.widgets.TypedListener.handleEvent(TypedListener.java:259)
	at org.eclipse.swt.widgets.EventTable.sendEvent(EventTable.java:89)
	at org.eclipse.swt.widgets.Display.sendEvent(Display.java:4243)
	at org.eclipse.swt.widgets.Widget.sendEvent(Widget.java:1060)
	at org.eclipse.swt.widgets.Widget.sendEvent(Widget.java:1084)
	at org.eclipse.swt.widgets.Widget.sendEvent(Widget.java:1065)
	at org.eclipse.swt.widgets.Control.WM_INITMENUPOPUP(Control.java:5150)
	at org.eclipse.swt.widgets.Control.windowProc(Control.java:4782)
	at org.eclipse.swt.widgets.Canvas.windowProc(Canvas.java:340)
	at org.eclipse.swt.widgets.Decorations.windowProc(Decorations.java:1480)
	at org.eclipse.swt.widgets.Shell.windowProc(Shell.java:2286)
	at org.eclipse.swt.widgets.Display.windowProc(Display.java:5002)
	at org.eclipse.swt.internal.win32.OS.TrackPopupMenu(Native Method)
	at org.eclipse.swt.widgets.Menu._setVisible(Menu.java:237)
	at org.eclipse.swt.widgets.Display.runPopups(Display.java:4101)
	at org.eclipse.swt.widgets.Display.readAndDispatch(Display.java:3626)
	at org.eclipse.e4.ui.internal.workbench.swt.PartRenderingEngine$5.run(PartRenderingEngine.java:1154)
	at org.eclipse.core.databinding.observable.Realm.runWithDefault(Realm.java:338)
	at org.eclipse.e4.ui.internal.workbench.swt.PartRenderingEngine.run(PartRenderingEngine.java:1045)
	at org.eclipse.e4.ui.internal.workbench.E4Workbench.createAndRunUI(E4Workbench.java:155)
	at org.eclipse.ui.internal.Workbench.lambda$3(Workbench.java:644)
	at org.eclipse.core.databinding.observable.Realm.runWithDefault(Realm.java:338)
	at org.eclipse.ui.internal.Workbench.createAndRunWorkbench(Workbench.java:551)
	at org.eclipse.ui.PlatformUI.createAndRunWorkbench(PlatformUI.java:156)
	at org.eclipse.ui.internal.ide.application.IDEApplication.start(IDEApplication.java:152)
	at org.eclipse.equinox.internal.app.EclipseAppHandle.run(EclipseAppHandle.java:203)
	at org.eclipse.core.runtime.internal.adaptor.EclipseAppLauncher.runApplication(EclipseAppLauncher.java:136)
	at org.eclipse.core.runtime.internal.adaptor.EclipseAppLauncher.start(EclipseAppLauncher.java:104)
	at org.eclipse.core.runtime.adaptor.EclipseStarter.run(EclipseStarter.java:401)
	at org.eclipse.core.runtime.adaptor.EclipseStarter.run(EclipseStarter.java:255)
	at java.base/jdk.internal.reflect.NativeMethodAccessorImpl.invoke0(Native Method)
	at java.base/jdk.internal.reflect.NativeMethodAccessorImpl.invoke(NativeMethodAccessorImpl.java:77)
	at java.base/jdk.internal.reflect.DelegatingMethodAccessorImpl.invoke(DelegatingMethodAccessorImpl.java:43)
	at java.base/java.lang.reflect.Method.invoke(Method.java:568)
	at org.eclipse.equinox.launcher.Main.invokeFramework(Main.java:659)
	at org.eclipse.equinox.launcher.Main.basicRun(Main.java:596)
	at org.eclipse.equinox.launcher.Main.run(Main.java:1467)

!ENTRY org.eclipse.ui.ide 4 4 2022-01-13 13:52:42.878
!MESSAGE Not properly disposed SWT resource
!STACK 0
java.lang.Error: SWT Resource was not properly disposed
	at org.eclipse.swt.graphics.Resource.initNonDisposeTracking(Resource.java:172)
	at org.eclipse.swt.graphics.Resource.<init>(Resource.java:120)
	at org.eclipse.swt.graphics.Image.<init>(Image.java:683)
	at org.eclipse.jface.resource.URLImageDescriptor.createImage(URLImageDescriptor.java:275)
	at org.eclipse.jface.resource.ImageDescriptor.createResource(ImageDescriptor.java:230)
	at org.eclipse.jface.resource.DeviceResourceManager.allocate(DeviceResourceManager.java:55)
	at org.eclipse.jface.resource.AbstractResourceManager.create(AbstractResourceManager.java:88)
	at org.eclipse.jface.resource.LazyResourceManager.create(LazyResourceManager.java:103)
	at org.eclipse.jface.resource.LocalResourceManager.allocate(LocalResourceManager.java:72)
	at org.eclipse.jface.resource.AbstractResourceManager.create(AbstractResourceManager.java:88)
	at org.eclipse.jface.resource.ResourceManager.createImageWithDefault(ResourceManager.java:195)
	at org.eclipse.jface.action.ActionContributionItem.updateImages(ActionContributionItem.java:1047)
	at org.eclipse.jface.action.ActionContributionItem.updateMenuItem(ActionContributionItem.java:918)
	at org.eclipse.jface.action.ActionContributionItem.update(ActionContributionItem.java:742)
	at org.eclipse.jface.action.ActionContributionItem.fill(ActionContributionItem.java:292)
	at org.eclipse.jface.action.MenuManager.doItemFill(MenuManager.java:729)
	at org.eclipse.jface.action.MenuManager.update(MenuManager.java:806)
	at org.eclipse.jface.action.MenuManager.update(MenuManager.java:673)
	at org.eclipse.e4.ui.workbench.renderers.swt.MenuManagerRenderer.scheduleManagerUpdate(MenuManagerRenderer.java:1227)
	at org.eclipse.e4.ui.workbench.renderers.swt.MenuManagerRenderer.processContents(MenuManagerRenderer.java:655)
	at org.eclipse.e4.ui.workbench.renderers.swt.MenuManagerRenderer.subscribeTopicChildAdded(MenuManagerRenderer.java:325)
	at jdk.internal.reflect.GeneratedMethodAccessor23.invoke(Unknown Source)
	at java.base/jdk.internal.reflect.DelegatingMethodAccessorImpl.invoke(DelegatingMethodAccessorImpl.java:43)
	at java.base/java.lang.reflect.Method.invoke(Method.java:568)
	at org.eclipse.e4.core.internal.di.MethodRequestor.execute(MethodRequestor.java:58)
	at org.eclipse.swt.widgets.Synchronizer.syncExec(Synchronizer.java:236)
	at org.eclipse.ui.internal.UISynchronizer.syncExec(UISynchronizer.java:133)
	at org.eclipse.swt.widgets.Display.syncExec(Display.java:4779)
	at org.eclipse.e4.ui.workbench.swt.DisplayUISynchronize.syncExec(DisplayUISynchronize.java:34)
	at org.eclipse.e4.ui.internal.di.UIEventObjectSupplier$UIEventHandler.handleEvent(UIEventObjectSupplier.java:64)
	at org.eclipse.equinox.internal.event.EventHandlerWrapper.handleEvent(EventHandlerWrapper.java:205)
	at org.eclipse.equinox.internal.event.EventHandlerTracker.dispatchEvent(EventHandlerTracker.java:203)
	at org.eclipse.equinox.internal.event.EventHandlerTracker.dispatchEvent(EventHandlerTracker.java:1)
	at org.eclipse.osgi.framework.eventmgr.EventManager.dispatchEvent(EventManager.java:228)
	at org.eclipse.osgi.framework.eventmgr.ListenerQueue.dispatchEventSynchronous(ListenerQueue.java:151)
	at org.eclipse.equinox.internal.event.EventAdminImpl.dispatchEvent(EventAdminImpl.java:133)
	at org.eclipse.equinox.internal.event.EventAdminImpl.sendEvent(EventAdminImpl.java:75)
	at org.eclipse.equinox.internal.event.EventComponent.sendEvent(EventComponent.java:44)
	at org.eclipse.e4.ui.services.internal.events.EventBroker.send(EventBroker.java:55)
	at org.eclipse.e4.ui.internal.workbench.UIEventPublisher.notifyChanged(UIEventPublisher.java:63)
	at org.eclipse.emf.common.notify.impl.BasicNotifierImpl.eNotify(BasicNotifierImpl.java:424)
	at org.eclipse.emf.ecore.util.EcoreEList.dispatchNotification(EcoreEList.java:249)
	at org.eclipse.emf.common.notify.impl.NotifyingListImpl.addUnique(NotifyingListImpl.java:294)
	at org.eclipse.emf.common.util.AbstractEList.add(AbstractEList.java:304)
	at org.eclipse.e4.ui.workbench.renderers.swt.MenuManagerRenderer.reconcileManagerToModel(MenuManagerRenderer.java:1051)
	at org.eclipse.ui.internal.PopupMenuExtender.addMenuContributions(PopupMenuExtender.java:379)
	at org.eclipse.ui.internal.PopupMenuExtender.menuAboutToShow(PopupMenuExtender.java:355)
	at org.eclipse.jface.action.MenuManager.fireAboutToShow(MenuManager.java:338)
	at org.eclipse.jface.action.MenuManager.handleAboutToShow(MenuManager.java:468)
	at org.eclipse.jface.action.MenuManager$2.menuShown(MenuManager.java:495)
	at org.eclipse.swt.widgets.TypedListener.handleEvent(TypedListener.java:259)
	at org.eclipse.swt.widgets.EventTable.sendEvent(EventTable.java:89)
	at org.eclipse.swt.widgets.Display.sendEvent(Display.java:4243)
	at org.eclipse.swt.widgets.Widget.sendEvent(Widget.java:1060)
	at org.eclipse.swt.widgets.Widget.sendEvent(Widget.java:1084)
	at org.eclipse.swt.widgets.Widget.sendEvent(Widget.java:1065)
	at org.eclipse.swt.widgets.Control.WM_INITMENUPOPUP(Control.java:5150)
	at org.eclipse.swt.widgets.Control.windowProc(Control.java:4782)
	at org.eclipse.swt.widgets.Canvas.windowProc(Canvas.java:340)
	at org.eclipse.swt.widgets.Decorations.windowProc(Decorations.java:1480)
	at org.eclipse.swt.widgets.Shell.windowProc(Shell.java:2286)
	at org.eclipse.swt.widgets.Display.windowProc(Display.java:5002)
	at org.eclipse.swt.internal.win32.OS.TrackPopupMenu(Native Method)
	at org.eclipse.swt.widgets.Menu._setVisible(Menu.java:237)
	at org.eclipse.swt.widgets.Display.runPopups(Display.java:4101)
	at org.eclipse.swt.widgets.Display.readAndDispatch(Display.java:3626)
	at org.eclipse.e4.ui.internal.workbench.swt.PartRenderingEngine$5.run(PartRenderingEngine.java:1154)
	at org.eclipse.core.databinding.observable.Realm.runWithDefault(Realm.java:338)
	at org.eclipse.e4.ui.internal.workbench.swt.PartRenderingEngine.run(PartRenderingEngine.java:1045)
	at org.eclipse.e4.ui.internal.workbench.E4Workbench.createAndRunUI(E4Workbench.java:155)
	at org.eclipse.ui.internal.Workbench.lambda$3(Workbench.java:644)
	at org.eclipse.core.databinding.observable.Realm.runWithDefault(Realm.java:338)
	at org.eclipse.ui.internal.Workbench.createAndRunWorkbench(Workbench.java:551)
	at org.eclipse.ui.PlatformUI.createAndRunWorkbench(PlatformUI.java:156)
	at org.eclipse.ui.internal.ide.application.IDEApplication.start(IDEApplication.java:152)
	at org.eclipse.equinox.internal.app.EclipseAppHandle.run(EclipseAppHandle.java:203)
	at org.eclipse.core.runtime.internal.adaptor.EclipseAppLauncher.runApplication(EclipseAppLauncher.java:136)
	at org.eclipse.core.runtime.internal.adaptor.EclipseAppLauncher.start(EclipseAppLauncher.java:104)
	at org.eclipse.core.runtime.adaptor.EclipseStarter.run(EclipseStarter.java:401)
	at org.eclipse.core.runtime.adaptor.EclipseStarter.run(EclipseStarter.java:255)
	at java.base/jdk.internal.reflect.NativeMethodAccessorImpl.invoke0(Native Method)
	at java.base/jdk.internal.reflect.NativeMethodAccessorImpl.invoke(NativeMethodAccessorImpl.java:77)
	at java.base/jdk.internal.reflect.DelegatingMethodAccessorImpl.invoke(DelegatingMethodAccessorImpl.java:43)
	at java.base/java.lang.reflect.Method.invoke(Method.java:568)
	at org.eclipse.equinox.launcher.Main.invokeFramework(Main.java:659)
	at org.eclipse.equinox.launcher.Main.basicRun(Main.java:596)
	at org.eclipse.equinox.launcher.Main.run(Main.java:1467)

!ENTRY org.eclipse.ui.ide 4 4 2022-01-13 13:52:42.879
!MESSAGE Not properly disposed SWT resource
!STACK 0
java.lang.Error: SWT Resource was not properly disposed
	at org.eclipse.swt.graphics.Resource.initNonDisposeTracking(Resource.java:172)
	at org.eclipse.swt.graphics.Resource.<init>(Resource.java:120)
	at org.eclipse.swt.graphics.Image.<init>(Image.java:605)
	at org.eclipse.wb.internal.core.model.description.helpers.DescriptionHelper.getIconImage(DescriptionHelper.java:166)
	at org.eclipse.wb.internal.core.model.description.helpers.ComponentPresentationHelper.getComponentImage(ComponentPresentationHelper.java:166)
	at org.eclipse.wb.internal.core.model.description.helpers.ComponentPresentationHelper.getFastPresentation(ComponentPresentationHelper.java:139)
	at org.eclipse.wb.internal.core.model.description.helpers.ComponentPresentationHelper.getPresentation(ComponentPresentationHelper.java:114)
	at org.eclipse.wb.core.editor.palette.model.entry.ComponentEntryInfo.preparePresentation(ComponentEntryInfo.java:259)
	at org.eclipse.wb.core.editor.palette.model.entry.ComponentEntryInfo.initialize(ComponentEntryInfo.java:219)
	at org.eclipse.wb.internal.core.editor.palette.DesignerPalette.getVisualEntry(DesignerPalette.java:253)
	at org.eclipse.wb.internal.core.editor.palette.DesignerPalette$4.getEntries(DesignerPalette.java:321)
	at org.eclipse.wb.core.controls.palette.PaletteComposite$CategoryFigure.<init>(PaletteComposite.java:373)
	at org.eclipse.wb.core.controls.palette.PaletteComposite$PaletteFigure.refresh(PaletteComposite.java:289)
	at org.eclipse.wb.core.controls.palette.PaletteComposite.refreshPalette(PaletteComposite.java:205)
	at org.eclipse.wb.core.controls.palette.PaletteComposite.setPalette(PaletteComposite.java:198)
	at org.eclipse.wb.internal.core.editor.palette.DesignerPalette.showPalette(DesignerPalette.java:416)
	at org.eclipse.wb.internal.core.editor.palette.DesignerPalette.reloadPalette(DesignerPalette.java:172)
	at org.eclipse.wb.internal.core.editor.palette.DesignerPalette.setInput(DesignerPalette.java:138)
	at org.eclipse.wb.internal.core.editor.JavaDesignComposite.refresh(JavaDesignComposite.java:146)
	at org.eclipse.wb.internal.core.editor.DesignPage.internal_refreshGEF(DesignPage.java:585)
	at org.eclipse.wb.internal.core.editor.DesignPage$8$1.run(DesignPage.java:449)
	at org.eclipse.swt.widgets.Synchronizer.syncExec(Synchronizer.java:236)
	at org.eclipse.ui.internal.UISynchronizer.syncExec(UISynchronizer.java:133)
	at org.eclipse.swt.widgets.Display.syncExec(Display.java:4779)
	at org.eclipse.wb.internal.core.editor.DesignPage$8.run(DesignPage.java:446)
	at org.eclipse.jface.operation.ModalContext.runInCurrentThread(ModalContext.java:434)
	at org.eclipse.jface.operation.ModalContext.run(ModalContext.java:352)
	at org.eclipse.jface.dialogs.ProgressMonitorDialog.run(ProgressMonitorDialog.java:468)
	at org.eclipse.wb.internal.core.editor.DesignPage.internal_refreshGEF_withProgress(DesignPage.java:465)
	at org.eclipse.wb.internal.core.editor.DesignPage.internal_refreshGEF(DesignPage.java:415)
	at org.eclipse.wb.internal.core.editor.UndoManager.refreshDesignerEditor(UndoManager.java:381)
	at org.eclipse.wb.internal.core.editor.UndoManager.activate(UndoManager.java:90)
	at org.eclipse.wb.internal.core.editor.DesignPage.handleActiveState_True(DesignPage.java:263)
	at org.eclipse.wb.internal.core.editor.DesignPage.handleActiveState(DesignPage.java:241)
	at org.eclipse.wb.internal.core.editor.multi.DefaultMultiMode.showPage(DefaultMultiMode.java:125)
	at org.eclipse.wb.internal.core.editor.multi.DefaultMultiMode$1.widgetSelected(DefaultMultiMode.java:63)
	at org.eclipse.swt.widgets.TypedListener.handleEvent(TypedListener.java:252)
	at org.eclipse.swt.widgets.EventTable.sendEvent(EventTable.java:89)
	at org.eclipse.swt.widgets.Display.sendEvent(Display.java:4243)
	at org.eclipse.swt.widgets.Widget.sendEvent(Widget.java:1060)
	at org.eclipse.swt.widgets.Widget.sendEvent(Widget.java:1084)
	at org.eclipse.swt.widgets.Widget.sendEvent(Widget.java:1069)
	at org.eclipse.swt.widgets.Widget.notifyListeners(Widget.java:773)
	at org.eclipse.swt.custom.CTabFolder.setSelection(CTabFolder.java:3248)
	at org.eclipse.swt.custom.CTabFolder.onMouse(CTabFolder.java:1882)
	at org.eclipse.swt.custom.CTabFolder.lambda$0(CTabFolder.java:331)
	at org.eclipse.swt.widgets.EventTable.sendEvent(EventTable.java:89)
	at org.eclipse.swt.widgets.Display.sendEvent(Display.java:4243)
	at org.eclipse.swt.widgets.Widget.sendEvent(Widget.java:1060)
	at org.eclipse.swt.widgets.Display.runDeferredEvents(Display.java:4060)
	at org.eclipse.swt.widgets.Display.readAndDispatch(Display.java:3632)
	at org.eclipse.e4.ui.internal.workbench.swt.PartRenderingEngine$5.run(PartRenderingEngine.java:1154)
	at org.eclipse.core.databinding.observable.Realm.runWithDefault(Realm.java:338)
	at org.eclipse.e4.ui.internal.workbench.swt.PartRenderingEngine.run(PartRenderingEngine.java:1045)
	at org.eclipse.e4.ui.internal.workbench.E4Workbench.createAndRunUI(E4Workbench.java:155)
	at org.eclipse.ui.internal.Workbench.lambda$3(Workbench.java:644)
	at org.eclipse.core.databinding.observable.Realm.runWithDefault(Realm.java:338)
	at org.eclipse.ui.internal.Workbench.createAndRunWorkbench(Workbench.java:551)
	at org.eclipse.ui.PlatformUI.createAndRunWorkbench(PlatformUI.java:156)
	at org.eclipse.ui.internal.ide.application.IDEApplication.start(IDEApplication.java:152)
	at org.eclipse.equinox.internal.app.EclipseAppHandle.run(EclipseAppHandle.java:203)
	at org.eclipse.core.runtime.internal.adaptor.EclipseAppLauncher.runApplication(EclipseAppLauncher.java:136)
	at org.eclipse.core.runtime.internal.adaptor.EclipseAppLauncher.start(EclipseAppLauncher.java:104)
	at org.eclipse.core.runtime.adaptor.EclipseStarter.run(EclipseStarter.java:401)
	at org.eclipse.core.runtime.adaptor.EclipseStarter.run(EclipseStarter.java:255)
	at java.base/jdk.internal.reflect.NativeMethodAccessorImpl.invoke0(Native Method)
	at java.base/jdk.internal.reflect.NativeMethodAccessorImpl.invoke(NativeMethodAccessorImpl.java:77)
	at java.base/jdk.internal.reflect.DelegatingMethodAccessorImpl.invoke(DelegatingMethodAccessorImpl.java:43)
	at java.base/java.lang.reflect.Method.invoke(Method.java:568)
	at org.eclipse.equinox.launcher.Main.invokeFramework(Main.java:659)
	at org.eclipse.equinox.launcher.Main.basicRun(Main.java:596)
	at org.eclipse.equinox.launcher.Main.run(Main.java:1467)
!SESSION 2022-01-17 00:46:32.224 -----------------------------------------------
eclipse.buildId=4.22.0.I20211124-1800
java.version=17.0.1
java.vendor=Eclipse Adoptium
BootLoader constants: OS=win32, ARCH=x86_64, WS=win32, NL=pt_BR
Framework arguments:  -product org.eclipse.epp.package.jee.product
Command-line arguments:  -os win32 -ws win32 -arch x86_64 -product org.eclipse.epp.package.jee.product

!ENTRY org.eclipse.jface 2 0 2022-01-17 01:03:02.820
!MESSAGE Keybinding conflicts occurred.  They may interfere with normal accelerator operation.
!SUBENTRY 1 org.eclipse.jface 2 0 2022-01-17 01:03:02.820
!MESSAGE A conflict occurred for CTRL+SHIFT+T:
Binding(CTRL+SHIFT+T,
	ParameterizedCommand(Command(org.eclipse.jdt.ui.navigate.open.type,Open Type,
		Open a type in a Java editor,
		Category(org.eclipse.ui.category.navigate,Navigate,null,true),
		org.eclipse.ui.internal.WorkbenchHandlerServiceHandler@6abbdcde,
		,,true),null),
	org.eclipse.ui.defaultAcceleratorConfiguration,
	org.eclipse.ui.contexts.window,,,system)
Binding(CTRL+SHIFT+T,
	ParameterizedCommand(Command(org.eclipse.lsp4e.symbolinworkspace,Go to Symbol in Workspace,
		,
		Category(org.eclipse.lsp4e.category,Language Servers,null,true),
		org.eclipse.ui.internal.WorkbenchHandlerServiceHandler@41ad6c00,
		,,true),null),
	org.eclipse.ui.defaultAcceleratorConfiguration,
	org.eclipse.ui.contexts.window,,,system)
!SUBENTRY 1 org.eclipse.jface 2 0 2022-01-17 01:03:02.820
!MESSAGE A conflict occurred for ALT+SHIFT+R:
Binding(ALT+SHIFT+R,
	ParameterizedCommand(Command(org.eclipse.jdt.ui.edit.text.java.rename.element,Rename - Refactoring ,
		Rename the selected element,
		Category(org.eclipse.jdt.ui.category.refactoring,Refactor - Java,Java Refactoring Actions,true),
		org.eclipse.ui.internal.WorkbenchHandlerServiceHandler@2a10407e,
		,,true),null),
	org.eclipse.ui.defaultAcceleratorConfiguration,
	org.eclipse.ui.contexts.window,,,system)
Binding(ALT+SHIFT+R,
	ParameterizedCommand(Command(org.eclipse.ui.edit.rename,Rename,
		Rename the selected item,
		Category(org.eclipse.ui.category.file,File,null,true),
		org.eclipse.ui.internal.WorkbenchHandlerServiceHandler@6edc8385,
		,,true),null),
	org.eclipse.ui.defaultAcceleratorConfiguration,
	org.eclipse.ui.contexts.window,,,system)

!ENTRY org.eclipse.egit.ui 2 0 2022-01-17 01:03:11.389
!MESSAGE Warning: The environment variable HOME is not set. The following directory will be used to store the Git
user global configuration and to define the default location to store repositories: 'C:\Users\thais'. If this is
not correct please set the HOME environment variable and restart Eclipse. Otherwise Git for Windows and
EGit might behave differently since they see different configuration options.
This warning can be switched off on the Team > Git > Confirmations and Warnings preference page.
!SESSION 2022-01-17 01:13:03.688 -----------------------------------------------
eclipse.buildId=4.22.0.I20211124-1800
java.version=17.0.1
java.vendor=Eclipse Adoptium
BootLoader constants: OS=win32, ARCH=x86_64, WS=win32, NL=pt_BR
Framework arguments:  -product org.eclipse.epp.package.jee.product
Command-line arguments:  -os win32 -ws win32 -arch x86_64 -product org.eclipse.epp.package.jee.product

!ENTRY org.eclipse.core.resources 4 567 2022-01-17 01:15:09.961
!MESSAGE Workspace restored, but some problems occurred.
!SUBENTRY 1 org.eclipse.core.resources 4 567 2022-01-17 01:15:09.961
!MESSAGE Could not read metadata for '.org.eclipse.egit.core.cmp'.
!STACK 1
org.eclipse.core.internal.resources.ResourceException(/.org.eclipse.egit.core.cmp)[567]: java.lang.Exception: The project description file (.project) for '.org.eclipse.egit.core.cmp' is missing.  This file contains important information about the project.  The project will not function properly until this file is restored.
	at org.eclipse.core.internal.resources.ResourceException.provideStackTrace(ResourceException.java:42)
	at org.eclipse.core.internal.resources.ResourceException.<init>(ResourceException.java:38)
	at org.eclipse.core.internal.localstore.FileSystemResourceManager.read(FileSystemResourceManager.java:908)
	at org.eclipse.core.internal.resources.SaveManager.restoreMetaInfo(SaveManager.java:888)
	at org.eclipse.core.internal.resources.SaveManager.restoreMetaInfo(SaveManager.java:868)
	at org.eclipse.core.internal.resources.SaveManager.restore(SaveManager.java:724)
	at org.eclipse.core.internal.resources.SaveManager.startup(SaveManager.java:1555)
	at org.eclipse.core.internal.resources.Workspace.startup(Workspace.java:2480)
	at org.eclipse.core.internal.resources.Workspace.open(Workspace.java:2231)
	at org.eclipse.core.resources.ResourcesPlugin.start(ResourcesPlugin.java:475)
	at org.eclipse.osgi.internal.framework.BundleContextImpl.lambda$2(BundleContextImpl.java:808)
	at java.base/java.security.AccessController.doPrivileged(AccessController.java:569)
	at org.eclipse.osgi.internal.framework.BundleContextImpl.startActivator(BundleContextImpl.java:802)
	at org.eclipse.osgi.internal.framework.BundleContextImpl.start(BundleContextImpl.java:759)
	at org.eclipse.osgi.internal.framework.EquinoxBundle.startWorker0(EquinoxBundle.java:1019)
	at org.eclipse.osgi.internal.framework.EquinoxBundle$EquinoxModule.startWorker(EquinoxBundle.java:365)
	at org.eclipse.osgi.container.Module.doStart(Module.java:605)
	at org.eclipse.osgi.container.Module.start(Module.java:468)
	at org.eclipse.osgi.framework.util.SecureAction.start(SecureAction.java:404)
	at org.eclipse.osgi.internal.hooks.EclipseLazyStarter.postFindLocalClass(EclipseLazyStarter.java:117)
	at org.eclipse.osgi.internal.loader.classpath.ClasspathManager.findLocalClass(ClasspathManager.java:570)
	at org.eclipse.osgi.internal.loader.ModuleClassLoader.findLocalClass(ModuleClassLoader.java:335)
	at org.eclipse.osgi.internal.loader.BundleLoader.findLocalClass(BundleLoader.java:384)
	at org.eclipse.osgi.internal.loader.sources.SingleSourcePackage.loadClass(SingleSourcePackage.java:41)
	at org.eclipse.osgi.internal.loader.BundleLoader.findClass0(BundleLoader.java:471)
	at org.eclipse.osgi.internal.loader.BundleLoader.findClass(BundleLoader.java:403)
	at org.eclipse.osgi.internal.loader.ModuleClassLoader.loadClass(ModuleClassLoader.java:168)
	at java.base/java.lang.ClassLoader.loadClass(ClassLoader.java:520)
	at org.eclipse.ui.internal.ide.application.IDEApplication.start(IDEApplication.java:153)
	at org.eclipse.equinox.internal.app.EclipseAppHandle.run(EclipseAppHandle.java:203)
	at org.eclipse.core.runtime.internal.adaptor.EclipseAppLauncher.runApplication(EclipseAppLauncher.java:136)
	at org.eclipse.core.runtime.internal.adaptor.EclipseAppLauncher.start(EclipseAppLauncher.java:104)
	at org.eclipse.core.runtime.adaptor.EclipseStarter.run(EclipseStarter.java:401)
	at org.eclipse.core.runtime.adaptor.EclipseStarter.run(EclipseStarter.java:255)
	at java.base/jdk.internal.reflect.NativeMethodAccessorImpl.invoke0(Native Method)
	at java.base/jdk.internal.reflect.NativeMethodAccessorImpl.invoke(NativeMethodAccessorImpl.java:77)
	at java.base/jdk.internal.reflect.DelegatingMethodAccessorImpl.invoke(DelegatingMethodAccessorImpl.java:43)
	at java.base/java.lang.reflect.Method.invoke(Method.java:568)
	at org.eclipse.equinox.launcher.Main.invokeFramework(Main.java:659)
	at org.eclipse.equinox.launcher.Main.basicRun(Main.java:596)
	at org.eclipse.equinox.launcher.Main.run(Main.java:1467)
!SUBENTRY 2 org.eclipse.core.resources 4 567 2022-01-17 01:15:09.961
!MESSAGE The project description file (.project) for '.org.eclipse.egit.core.cmp' is missing.  This file contains important information about the project.  The project will not function properly until this file is restored.
!STACK 0
java.lang.Exception: The project description file (.project) for '.org.eclipse.egit.core.cmp' is missing.  This file contains important information about the project.  The project will not function properly until this file is restored.
	at org.eclipse.core.internal.resources.ResourceException.provideStackTrace(ResourceException.java:42)
	at org.eclipse.core.internal.resources.ResourceException.<init>(ResourceException.java:38)
	at org.eclipse.core.internal.localstore.FileSystemResourceManager.read(FileSystemResourceManager.java:908)
	at org.eclipse.core.internal.resources.SaveManager.restoreMetaInfo(SaveManager.java:888)
	at org.eclipse.core.internal.resources.SaveManager.restoreMetaInfo(SaveManager.java:868)
	at org.eclipse.core.internal.resources.SaveManager.restore(SaveManager.java:724)
	at org.eclipse.core.internal.resources.SaveManager.startup(SaveManager.java:1555)
	at org.eclipse.core.internal.resources.Workspace.startup(Workspace.java:2480)
	at org.eclipse.core.internal.resources.Workspace.open(Workspace.java:2231)
	at org.eclipse.core.resources.ResourcesPlugin.start(ResourcesPlugin.java:475)
	at org.eclipse.osgi.internal.framework.BundleContextImpl.lambda$2(BundleContextImpl.java:808)
	at java.base/java.security.AccessController.doPrivileged(AccessController.java:569)
	at org.eclipse.osgi.internal.framework.BundleContextImpl.startActivator(BundleContextImpl.java:802)
	at org.eclipse.osgi.internal.framework.BundleContextImpl.start(BundleContextImpl.java:759)
	at org.eclipse.osgi.internal.framework.EquinoxBundle.startWorker0(EquinoxBundle.java:1019)
	at org.eclipse.osgi.internal.framework.EquinoxBundle$EquinoxModule.startWorker(EquinoxBundle.java:365)
	at org.eclipse.osgi.container.Module.doStart(Module.java:605)
	at org.eclipse.osgi.container.Module.start(Module.java:468)
	at org.eclipse.osgi.framework.util.SecureAction.start(SecureAction.java:404)
	at org.eclipse.osgi.internal.hooks.EclipseLazyStarter.postFindLocalClass(EclipseLazyStarter.java:117)
	at org.eclipse.osgi.internal.loader.classpath.ClasspathManager.findLocalClass(ClasspathManager.java:570)
	at org.eclipse.osgi.internal.loader.ModuleClassLoader.findLocalClass(ModuleClassLoader.java:335)
	at org.eclipse.osgi.internal.loader.BundleLoader.findLocalClass(BundleLoader.java:384)
	at org.eclipse.osgi.internal.loader.sources.SingleSourcePackage.loadClass(SingleSourcePackage.java:41)
	at org.eclipse.osgi.internal.loader.BundleLoader.findClass0(BundleLoader.java:471)
	at org.eclipse.osgi.internal.loader.BundleLoader.findClass(BundleLoader.java:403)
	at org.eclipse.osgi.internal.loader.ModuleClassLoader.loadClass(ModuleClassLoader.java:168)
	at java.base/java.lang.ClassLoader.loadClass(ClassLoader.java:520)
	at org.eclipse.ui.internal.ide.application.IDEApplication.start(IDEApplication.java:153)
	at org.eclipse.equinox.internal.app.EclipseAppHandle.run(EclipseAppHandle.java:203)
	at org.eclipse.core.runtime.internal.adaptor.EclipseAppLauncher.runApplication(EclipseAppLauncher.java:136)
	at org.eclipse.core.runtime.internal.adaptor.EclipseAppLauncher.start(EclipseAppLauncher.java:104)
	at org.eclipse.core.runtime.adaptor.EclipseStarter.run(EclipseStarter.java:401)
	at org.eclipse.core.runtime.adaptor.EclipseStarter.run(EclipseStarter.java:255)
	at java.base/jdk.internal.reflect.NativeMethodAccessorImpl.invoke0(Native Method)
	at java.base/jdk.internal.reflect.NativeMethodAccessorImpl.invoke(NativeMethodAccessorImpl.java:77)
	at java.base/jdk.internal.reflect.DelegatingMethodAccessorImpl.invoke(DelegatingMethodAccessorImpl.java:43)
	at java.base/java.lang.reflect.Method.invoke(Method.java:568)
	at org.eclipse.equinox.launcher.Main.invokeFramework(Main.java:659)
	at org.eclipse.equinox.launcher.Main.basicRun(Main.java:596)
	at org.eclipse.equinox.launcher.Main.run(Main.java:1467)

!ENTRY org.eclipse.jface 2 0 2022-01-17 01:15:13.151
!MESSAGE Keybinding conflicts occurred.  They may interfere with normal accelerator operation.
!SUBENTRY 1 org.eclipse.jface 2 0 2022-01-17 01:15:13.151
!MESSAGE A conflict occurred for CTRL+SHIFT+T:
Binding(CTRL+SHIFT+T,
	ParameterizedCommand(Command(org.eclipse.jdt.ui.navigate.open.type,Open Type,
		Open a type in a Java editor,
		Category(org.eclipse.ui.category.navigate,Navigate,null,true),
		org.eclipse.ui.internal.WorkbenchHandlerServiceHandler@191cf38f,
		,,true),null),
	org.eclipse.ui.defaultAcceleratorConfiguration,
	org.eclipse.ui.contexts.window,,,system)
Binding(CTRL+SHIFT+T,
	ParameterizedCommand(Command(org.eclipse.lsp4e.symbolinworkspace,Go to Symbol in Workspace,
		,
		Category(org.eclipse.lsp4e.category,Language Servers,null,true),
		org.eclipse.ui.internal.WorkbenchHandlerServiceHandler@2dc54b50,
		,,true),null),
	org.eclipse.ui.defaultAcceleratorConfiguration,
	org.eclipse.ui.contexts.window,,,system)
!SUBENTRY 1 org.eclipse.jface 2 0 2022-01-17 01:15:13.151
!MESSAGE A conflict occurred for ALT+SHIFT+R:
Binding(ALT+SHIFT+R,
	ParameterizedCommand(Command(org.eclipse.jdt.ui.edit.text.java.rename.element,Rename - Refactoring ,
		Rename the selected element,
		Category(org.eclipse.jdt.ui.category.refactoring,Refactor - Java,Java Refactoring Actions,true),
		org.eclipse.ui.internal.WorkbenchHandlerServiceHandler@31a9eaa,
		,,true),null),
	org.eclipse.ui.defaultAcceleratorConfiguration,
	org.eclipse.ui.contexts.window,,,system)
Binding(ALT+SHIFT+R,
	ParameterizedCommand(Command(org.eclipse.ui.edit.rename,Rename,
		Rename the selected item,
		Category(org.eclipse.ui.category.file,File,null,true),
		org.eclipse.ui.internal.WorkbenchHandlerServiceHandler@19370af1,
		,,true),null),
	org.eclipse.ui.defaultAcceleratorConfiguration,
	org.eclipse.ui.contexts.window,,,system)

!ENTRY org.eclipse.egit.ui 2 0 2022-01-17 01:15:18.306
!MESSAGE Warning: The environment variable HOME is not set. The following directory will be used to store the Git
user global configuration and to define the default location to store repositories: 'C:\Users\thais'. If this is
not correct please set the HOME environment variable and restart Eclipse. Otherwise Git for Windows and
EGit might behave differently since they see different configuration options.
This warning can be switched off on the Team > Git > Confirmations and Warnings preference page.
